<?xml version="1.0" encoding="UTF-8"?>
<testng-results ignored="0" total="1" passed="1" failed="0" skipped="0">
  <reporter-output>
  </reporter-output>
  <suite started-at="2025-11-25T15:31:31 IST" name="Default suite" finished-at="2025-11-25T15:31:31 IST" duration-ms="200">
    <groups>
    </groups>
    <test started-at="2025-11-25T15:31:31 IST" name="Default test" finished-at="2025-11-25T15:31:31 IST" duration-ms="200">
      <class name="againrepos.simple">
        <test-method signature="simples()[pri:0, instance:againrepos.simple@4c371370]" started-at="2025-11-25T15:31:31 IST" name="simples" finished-at="2025-11-25T15:31:31 IST" duration-ms="30" status="PASS">
          <reporter-output>
          </reporter-output>
        </test-method> <!-- simples -->
      </class> <!-- againrepos.simple -->
    </test> <!-- Default test -->
  </suite> <!-- Default suite -->
</testng-results>
